2024-04-19 15:57:43.065 [background-preinit] INFO  o.h.validator.internal.util.Version - HV000001: Hibernate Validator 8.0.1.Final
2024-04-19 15:57:43.081 [main] INFO  c.project.shopapp.ShopappApplication - Starting ShopappApplication using Java 17.0.9 with PID 11568 (/Users/haonguyen/Workspace/Project/ShopApp/shopapp-backend/build/classes/java/main started by haonguyen in /Users/haonguyen/Workspace/Project/ShopApp/shopapp-backend)
2024-04-19 15:57:43.082 [main] INFO  c.project.shopapp.ShopappApplication - No active profile set, falling back to 1 default profile: "default"
2024-04-19 15:57:43.382 [main] INFO  o.s.d.r.c.RepositoryConfigurationDelegate - Bootstrapping Spring Data JPA repositories in DEFAULT mode.
2024-04-19 15:57:43.411 [main] INFO  o.s.d.r.c.RepositoryConfigurationDelegate - Finished Spring Data repository scanning in 26 ms. Found 7 JPA repository interfaces.
2024-04-19 15:57:43.678 [main] INFO  o.s.b.w.e.tomcat.TomcatWebServer - Tomcat initialized with port 8088 (http)
2024-04-19 15:57:43.683 [main] INFO  o.a.coyote.http11.Http11NioProtocol - Initializing ProtocolHandler ["http-nio-8088"]
2024-04-19 15:57:43.684 [main] INFO  o.a.catalina.core.StandardService - Starting service [Tomcat]
2024-04-19 15:57:43.684 [main] INFO  o.a.catalina.core.StandardEngine - Starting Servlet engine: [Apache Tomcat/10.1.18]
2024-04-19 15:57:43.709 [main] INFO  o.a.c.c.C.[Tomcat].[localhost].[/] - Initializing Spring embedded WebApplicationContext
2024-04-19 15:57:43.710 [main] INFO  o.s.b.w.s.c.ServletWebServerApplicationContext - Root WebApplicationContext: initialization completed in 611 ms
2024-04-19 15:57:43.778 [main] INFO  o.h.jpa.internal.util.LogHelper - HHH000204: Processing PersistenceUnitInfo [name: default]
2024-04-19 15:57:43.801 [main] INFO  org.hibernate.Version - HHH000412: Hibernate ORM core version 6.4.1.Final
2024-04-19 15:57:43.814 [main] INFO  o.h.c.i.RegionFactoryInitiator - HHH000026: Second-level cache disabled
2024-04-19 15:57:43.912 [main] INFO  o.s.o.j.p.SpringPersistenceUnitInfo - No LoadTimeWeaver setup: ignoring JPA class transformer
2024-04-19 15:57:43.923 [main] INFO  com.zaxxer.hikari.HikariDataSource - HikariPool-1 - Starting...
2024-04-19 15:57:43.988 [main] INFO  com.zaxxer.hikari.pool.HikariPool - HikariPool-1 - Added connection com.mysql.cj.jdbc.ConnectionImpl@6afeaf2d
2024-04-19 15:57:43.989 [main] INFO  com.zaxxer.hikari.HikariDataSource - HikariPool-1 - Start completed.
2024-04-19 15:57:44.012 [main] WARN  org.hibernate.dialect.Dialect - HHH000511: The 5.5.0 version for [org.hibernate.dialect.MySQLDialect] is no longer supported, hence certain features may not work properly. The minimum supported version is 8.0.0. Check the community dialects project for available legacy versions.
2024-04-19 15:57:44.490 [main] INFO  o.h.e.t.j.p.i.JtaPlatformInitiator - HHH000489: No JTA platform available (set 'hibernate.transaction.jta.platform' to enable JTA platform integration)
2024-04-19 15:57:44.491 [main] INFO  o.s.o.j.LocalContainerEntityManagerFactoryBean - Initialized JPA EntityManagerFactory for persistence unit 'default'
2024-04-19 15:57:44.661 [main] WARN  o.s.b.a.o.j.JpaBaseConfiguration$JpaWebConfiguration - spring.jpa.open-in-view is enabled by default. Therefore, database queries may be performed during view rendering. Explicitly configure spring.jpa.open-in-view to disable this warning
2024-04-19 15:57:44.723 [main] INFO  o.s.d.j.r.query.QueryEnhancerFactory - Hibernate is in classpath; If applicable, HQL parser will be used.
2024-04-19 15:57:45.175 [main] INFO  o.s.s.web.DefaultSecurityFilterChain - Will secure any request with [org.springframework.security.web.session.DisableEncodeUrlFilter@4cb25b53, org.springframework.security.web.context.request.async.WebAsyncManagerIntegrationFilter@4e9a4142, org.springframework.security.web.context.SecurityContextHolderFilter@44d83a12, org.springframework.security.web.header.HeaderWriterFilter@70e966a5, org.springframework.web.filter.CorsFilter@1e954b94, org.springframework.security.web.authentication.logout.LogoutFilter@c4e440b, com.project.shopapp.filters.JwtTokenFilter@3052395d, org.springframework.security.web.savedrequest.RequestCacheAwareFilter@18ab9b9e, org.springframework.security.web.servletapi.SecurityContextHolderAwareRequestFilter@6820ab53, org.springframework.security.web.authentication.AnonymousAuthenticationFilter@67b920c9, org.springframework.security.web.access.ExceptionTranslationFilter@17f2e01d, org.springframework.security.web.access.intercept.AuthorizationFilter@3cfd9459]
2024-04-19 15:57:45.347 [main] INFO  o.a.coyote.http11.Http11NioProtocol - Starting ProtocolHandler ["http-nio-8088"]
2024-04-19 15:57:45.355 [main] INFO  o.s.b.w.e.tomcat.TomcatWebServer - Tomcat started on port 8088 (http) with context path ''
2024-04-19 15:57:45.360 [main] INFO  c.project.shopapp.ShopappApplication - Started ShopappApplication in 2.42 seconds (process running for 2.809)
2024-04-19 15:58:23.899 [http-nio-8088-exec-1] INFO  o.a.c.c.C.[Tomcat].[localhost].[/] - Initializing Spring DispatcherServlet 'dispatcherServlet'
2024-04-19 15:58:23.899 [http-nio-8088-exec-1] INFO  o.s.web.servlet.DispatcherServlet - Initializing Servlet 'dispatcherServlet'
2024-04-19 15:58:23.900 [http-nio-8088-exec-1] INFO  o.s.web.servlet.DispatcherServlet - Completed initialization in 1 ms
2024-04-19 15:58:23.909 [http-nio-8088-exec-1] DEBUG o.s.security.web.FilterChainProxy - Securing GET /api/v1/products?page=0&limit=12&keyword=Fantastic1&category_id=7
2024-04-19 15:58:23.916 [http-nio-8088-exec-1] DEBUG o.s.security.web.FilterChainProxy - Secured GET /api/v1/products?page=0&limit=12&keyword=Fantastic1&category_id=7
2024-04-19 15:58:23.932 [http-nio-8088-exec-1] DEBUG o.s.s.w.a.AnonymousAuthenticationFilter - Set SecurityContextHolder to anonymous SecurityContext
2024-04-19 15:58:23.935 [http-nio-8088-exec-1] DEBUG o.s.security.web.FilterChainProxy - Securing GET /error?page=0&limit=12&keyword=Fantastic1&category_id=7
2024-04-19 15:58:23.935 [http-nio-8088-exec-1] DEBUG o.s.s.w.a.AnonymousAuthenticationFilter - Set SecurityContextHolder to anonymous SecurityContext
2024-04-19 15:58:23.945 [http-nio-8088-exec-1] DEBUG o.s.s.w.s.HttpSessionRequestCache - Saved request http://localhost:8088/error?page=0&limit=12&keyword=Fantastic1&category_id=7&continue to session
2024-04-19 15:58:23.945 [http-nio-8088-exec-1] DEBUG o.s.s.w.a.Http403ForbiddenEntryPoint - Pre-authenticated entry point called. Rejecting access
2024-04-19 15:59:59.165 [SpringApplicationShutdownHook] INFO  o.s.o.j.LocalContainerEntityManagerFactoryBean - Closing JPA EntityManagerFactory for persistence unit 'default'
2024-04-19 15:59:59.184 [SpringApplicationShutdownHook] INFO  com.zaxxer.hikari.HikariDataSource - HikariPool-1 - Shutdown initiated...
2024-04-19 15:59:59.188 [SpringApplicationShutdownHook] INFO  com.zaxxer.hikari.HikariDataSource - HikariPool-1 - Shutdown completed.
2024-04-19 16:00:00.439 [background-preinit] INFO  o.h.validator.internal.util.Version - HV000001: Hibernate Validator 8.0.1.Final
2024-04-19 16:00:00.456 [main] INFO  c.project.shopapp.ShopappApplication - Starting ShopappApplication using Java 17.0.9 with PID 11611 (/Users/haonguyen/Workspace/Project/ShopApp/shopapp-backend/build/classes/java/main started by haonguyen in /Users/haonguyen/Workspace/Project/ShopApp/shopapp-backend)
2024-04-19 16:00:00.456 [main] INFO  c.project.shopapp.ShopappApplication - No active profile set, falling back to 1 default profile: "default"
2024-04-19 16:00:00.759 [main] INFO  o.s.d.r.c.RepositoryConfigurationDelegate - Bootstrapping Spring Data JPA repositories in DEFAULT mode.
2024-04-19 16:00:00.789 [main] INFO  o.s.d.r.c.RepositoryConfigurationDelegate - Finished Spring Data repository scanning in 27 ms. Found 7 JPA repository interfaces.
2024-04-19 16:00:01.057 [main] INFO  o.s.b.w.e.tomcat.TomcatWebServer - Tomcat initialized with port 8088 (http)
2024-04-19 16:00:01.062 [main] INFO  o.a.coyote.http11.Http11NioProtocol - Initializing ProtocolHandler ["http-nio-8088"]
2024-04-19 16:00:01.062 [main] INFO  o.a.catalina.core.StandardService - Starting service [Tomcat]
2024-04-19 16:00:01.062 [main] INFO  o.a.catalina.core.StandardEngine - Starting Servlet engine: [Apache Tomcat/10.1.18]
2024-04-19 16:00:01.085 [main] INFO  o.a.c.c.C.[Tomcat].[localhost].[/] - Initializing Spring embedded WebApplicationContext
2024-04-19 16:00:01.086 [main] INFO  o.s.b.w.s.c.ServletWebServerApplicationContext - Root WebApplicationContext: initialization completed in 612 ms
2024-04-19 16:00:01.150 [main] INFO  o.h.jpa.internal.util.LogHelper - HHH000204: Processing PersistenceUnitInfo [name: default]
2024-04-19 16:00:01.174 [main] INFO  org.hibernate.Version - HHH000412: Hibernate ORM core version 6.4.1.Final
2024-04-19 16:00:01.188 [main] INFO  o.h.c.i.RegionFactoryInitiator - HHH000026: Second-level cache disabled
2024-04-19 16:00:01.295 [main] INFO  o.s.o.j.p.SpringPersistenceUnitInfo - No LoadTimeWeaver setup: ignoring JPA class transformer
2024-04-19 16:00:01.317 [main] INFO  com.zaxxer.hikari.HikariDataSource - HikariPool-1 - Starting...
2024-04-19 16:00:01.384 [main] INFO  com.zaxxer.hikari.pool.HikariPool - HikariPool-1 - Added connection com.mysql.cj.jdbc.ConnectionImpl@53ba7997
2024-04-19 16:00:01.385 [main] INFO  com.zaxxer.hikari.HikariDataSource - HikariPool-1 - Start completed.
2024-04-19 16:00:01.409 [main] WARN  org.hibernate.dialect.Dialect - HHH000511: The 5.5.0 version for [org.hibernate.dialect.MySQLDialect] is no longer supported, hence certain features may not work properly. The minimum supported version is 8.0.0. Check the community dialects project for available legacy versions.
2024-04-19 16:00:01.892 [main] INFO  o.h.e.t.j.p.i.JtaPlatformInitiator - HHH000489: No JTA platform available (set 'hibernate.transaction.jta.platform' to enable JTA platform integration)
2024-04-19 16:00:01.893 [main] INFO  o.s.o.j.LocalContainerEntityManagerFactoryBean - Initialized JPA EntityManagerFactory for persistence unit 'default'
2024-04-19 16:00:02.060 [main] WARN  o.s.b.a.o.j.JpaBaseConfiguration$JpaWebConfiguration - spring.jpa.open-in-view is enabled by default. Therefore, database queries may be performed during view rendering. Explicitly configure spring.jpa.open-in-view to disable this warning
2024-04-19 16:00:02.125 [main] INFO  o.s.d.j.r.query.QueryEnhancerFactory - Hibernate is in classpath; If applicable, HQL parser will be used.
2024-04-19 16:00:02.576 [main] INFO  o.s.s.web.DefaultSecurityFilterChain - Will secure any request with [org.springframework.security.web.session.DisableEncodeUrlFilter@6392ecbc, org.springframework.security.web.context.request.async.WebAsyncManagerIntegrationFilter@2219d6d8, org.springframework.security.web.context.SecurityContextHolderFilter@27035f4f, org.springframework.security.web.header.HeaderWriterFilter@5172cce4, org.springframework.web.filter.CorsFilter@4907b487, org.springframework.security.web.authentication.logout.LogoutFilter@1a57bb34, com.project.shopapp.filters.JwtTokenFilter@5af7e2f, org.springframework.security.web.savedrequest.RequestCacheAwareFilter@42a3e521, org.springframework.security.web.servletapi.SecurityContextHolderAwareRequestFilter@1ac24c17, org.springframework.security.web.authentication.AnonymousAuthenticationFilter@758f755a, org.springframework.security.web.access.ExceptionTranslationFilter@371fcc18, org.springframework.security.web.access.intercept.AuthorizationFilter@4adfb1f]
2024-04-19 16:00:02.752 [main] INFO  o.a.coyote.http11.Http11NioProtocol - Starting ProtocolHandler ["http-nio-8088"]
2024-04-19 16:00:02.759 [main] INFO  o.s.b.w.e.tomcat.TomcatWebServer - Tomcat started on port 8088 (http) with context path ''
2024-04-19 16:00:02.764 [main] INFO  c.project.shopapp.ShopappApplication - Started ShopappApplication in 2.455 seconds (process running for 2.709)
2024-04-19 16:01:48.377 [http-nio-8088-exec-1] INFO  o.a.c.c.C.[Tomcat].[localhost].[/] - Initializing Spring DispatcherServlet 'dispatcherServlet'
2024-04-19 16:01:48.378 [http-nio-8088-exec-1] INFO  o.s.web.servlet.DispatcherServlet - Initializing Servlet 'dispatcherServlet'
2024-04-19 16:01:48.379 [http-nio-8088-exec-1] INFO  o.s.web.servlet.DispatcherServlet - Completed initialization in 1 ms
2024-04-19 16:01:48.388 [http-nio-8088-exec-1] DEBUG o.s.security.web.FilterChainProxy - Securing OPTIONS /api/v1/orders/get-orders-by-keyword?keyword=&page=0&limit=10
2024-04-19 16:01:48.399 [http-nio-8088-exec-2] DEBUG o.s.security.web.FilterChainProxy - Securing GET /api/v1/orders/get-orders-by-keyword?keyword=&page=0&limit=10
2024-04-19 16:01:48.500 [http-nio-8088-exec-2] DEBUG o.s.security.web.FilterChainProxy - Secured GET /api/v1/orders/get-orders-by-keyword?keyword=&page=0&limit=10
2024-04-19 16:01:48.513 [http-nio-8088-exec-2] DEBUG o.s.s.a.m.AuthorizationManagerBeforeMethodInterceptor - Authorizing method invocation ReflectiveMethodInvocation: public org.springframework.http.ResponseEntity com.project.shopapp.controller.OrderController.getOrdersByKeyword(java.lang.String,int,int); target is of class [com.project.shopapp.controller.OrderController]
2024-04-19 16:01:48.527 [http-nio-8088-exec-2] DEBUG o.s.s.a.m.AuthorizationManagerBeforeMethodInterceptor - Authorized method invocation ReflectiveMethodInvocation: public org.springframework.http.ResponseEntity com.project.shopapp.controller.OrderController.getOrdersByKeyword(java.lang.String,int,int); target is of class [com.project.shopapp.controller.OrderController]
2024-04-19 16:03:58.910 [SpringApplicationShutdownHook] INFO  o.s.o.j.LocalContainerEntityManagerFactoryBean - Closing JPA EntityManagerFactory for persistence unit 'default'
2024-04-19 16:03:58.913 [SpringApplicationShutdownHook] INFO  com.zaxxer.hikari.HikariDataSource - HikariPool-1 - Shutdown initiated...
2024-04-19 16:03:58.916 [SpringApplicationShutdownHook] INFO  com.zaxxer.hikari.HikariDataSource - HikariPool-1 - Shutdown completed.
2024-04-19 16:04:00.702 [background-preinit] INFO  o.h.validator.internal.util.Version - HV000001: Hibernate Validator 8.0.1.Final
2024-04-19 16:04:00.719 [main] INFO  c.project.shopapp.ShopappApplication - Starting ShopappApplication using Java 17.0.9 with PID 11642 (/Users/haonguyen/Workspace/Project/ShopApp/shopapp-backend/build/classes/java/main started by haonguyen in /Users/haonguyen/Workspace/Project/ShopApp/shopapp-backend)
2024-04-19 16:04:00.719 [main] INFO  c.project.shopapp.ShopappApplication - No active profile set, falling back to 1 default profile: "default"
2024-04-19 16:04:01.010 [main] INFO  o.s.d.r.c.RepositoryConfigurationDelegate - Bootstrapping Spring Data JPA repositories in DEFAULT mode.
2024-04-19 16:04:01.040 [main] INFO  o.s.d.r.c.RepositoryConfigurationDelegate - Finished Spring Data repository scanning in 26 ms. Found 7 JPA repository interfaces.
2024-04-19 16:04:01.305 [main] INFO  o.s.b.w.e.tomcat.TomcatWebServer - Tomcat initialized with port 8088 (http)
2024-04-19 16:04:01.309 [main] INFO  o.a.coyote.http11.Http11NioProtocol - Initializing ProtocolHandler ["http-nio-8088"]
2024-04-19 16:04:01.310 [main] INFO  o.a.catalina.core.StandardService - Starting service [Tomcat]
2024-04-19 16:04:01.310 [main] INFO  o.a.catalina.core.StandardEngine - Starting Servlet engine: [Apache Tomcat/10.1.18]
2024-04-19 16:04:01.332 [main] INFO  o.a.c.c.C.[Tomcat].[localhost].[/] - Initializing Spring embedded WebApplicationContext
2024-04-19 16:04:01.332 [main] INFO  o.s.b.w.s.c.ServletWebServerApplicationContext - Root WebApplicationContext: initialization completed in 597 ms
2024-04-19 16:04:01.395 [main] INFO  o.h.jpa.internal.util.LogHelper - HHH000204: Processing PersistenceUnitInfo [name: default]
2024-04-19 16:04:01.417 [main] INFO  org.hibernate.Version - HHH000412: Hibernate ORM core version 6.4.1.Final
2024-04-19 16:04:01.429 [main] INFO  o.h.c.i.RegionFactoryInitiator - HHH000026: Second-level cache disabled
2024-04-19 16:04:01.523 [main] INFO  o.s.o.j.p.SpringPersistenceUnitInfo - No LoadTimeWeaver setup: ignoring JPA class transformer
2024-04-19 16:04:01.546 [main] INFO  com.zaxxer.hikari.HikariDataSource - HikariPool-1 - Starting...
2024-04-19 16:04:01.613 [main] INFO  com.zaxxer.hikari.pool.HikariPool - HikariPool-1 - Added connection com.mysql.cj.jdbc.ConnectionImpl@5f6e2ad9
2024-04-19 16:04:01.613 [main] INFO  com.zaxxer.hikari.HikariDataSource - HikariPool-1 - Start completed.
2024-04-19 16:04:01.637 [main] WARN  org.hibernate.dialect.Dialect - HHH000511: The 5.5.0 version for [org.hibernate.dialect.MySQLDialect] is no longer supported, hence certain features may not work properly. The minimum supported version is 8.0.0. Check the community dialects project for available legacy versions.
2024-04-19 16:04:02.109 [main] INFO  o.h.e.t.j.p.i.JtaPlatformInitiator - HHH000489: No JTA platform available (set 'hibernate.transaction.jta.platform' to enable JTA platform integration)
2024-04-19 16:04:02.110 [main] INFO  o.s.o.j.LocalContainerEntityManagerFactoryBean - Initialized JPA EntityManagerFactory for persistence unit 'default'
2024-04-19 16:04:02.282 [main] WARN  o.s.b.a.o.j.JpaBaseConfiguration$JpaWebConfiguration - spring.jpa.open-in-view is enabled by default. Therefore, database queries may be performed during view rendering. Explicitly configure spring.jpa.open-in-view to disable this warning
2024-04-19 16:04:02.346 [main] INFO  o.s.d.j.r.query.QueryEnhancerFactory - Hibernate is in classpath; If applicable, HQL parser will be used.
2024-04-19 16:04:02.799 [main] INFO  o.s.s.web.DefaultSecurityFilterChain - Will secure any request with [org.springframework.security.web.session.DisableEncodeUrlFilter@46d393cd, org.springframework.security.web.context.request.async.WebAsyncManagerIntegrationFilter@f456711, org.springframework.security.web.context.SecurityContextHolderFilter@16066bf4, org.springframework.security.web.header.HeaderWriterFilter@4bb5ba10, org.springframework.web.filter.CorsFilter@7e41aabf, org.springframework.security.web.authentication.logout.LogoutFilter@4528c187, com.project.shopapp.filters.JwtTokenFilter@3a286095, org.springframework.security.web.savedrequest.RequestCacheAwareFilter@12026d62, org.springframework.security.web.servletapi.SecurityContextHolderAwareRequestFilter@4a3ef4c9, org.springframework.security.web.authentication.AnonymousAuthenticationFilter@40c0151a, org.springframework.security.web.access.ExceptionTranslationFilter@54b2416d, org.springframework.security.web.access.intercept.AuthorizationFilter@237a41ff]
2024-04-19 16:04:02.967 [main] INFO  o.a.coyote.http11.Http11NioProtocol - Starting ProtocolHandler ["http-nio-8088"]
2024-04-19 16:04:02.975 [main] INFO  o.s.b.w.e.tomcat.TomcatWebServer - Tomcat started on port 8088 (http) with context path ''
2024-04-19 16:04:02.979 [main] INFO  c.project.shopapp.ShopappApplication - Started ShopappApplication in 2.404 seconds (process running for 2.872)
2024-04-19 16:04:27.102 [http-nio-8088-exec-1] INFO  o.a.c.c.C.[Tomcat].[localhost].[/] - Initializing Spring DispatcherServlet 'dispatcherServlet'
2024-04-19 16:04:27.102 [http-nio-8088-exec-1] INFO  o.s.web.servlet.DispatcherServlet - Initializing Servlet 'dispatcherServlet'
2024-04-19 16:04:27.104 [http-nio-8088-exec-1] INFO  o.s.web.servlet.DispatcherServlet - Completed initialization in 2 ms
2024-04-19 16:04:27.112 [http-nio-8088-exec-1] DEBUG o.s.security.web.FilterChainProxy - Securing GET /api/v1/products?page=0&limit=12&keyword=Fantastic1&category_id=7
2024-04-19 16:04:27.119 [http-nio-8088-exec-1] DEBUG o.s.security.web.FilterChainProxy - Secured GET /api/v1/products?page=0&limit=12&keyword=Fantastic1&category_id=7
2024-04-19 16:04:27.133 [http-nio-8088-exec-1] INFO  c.p.s.controller.ProductController - keyword = Fantastic1, category_id = 7, page = 0, limit = 12
2024-04-19 16:04:27.222 [http-nio-8088-exec-1] DEBUG o.s.s.w.a.AnonymousAuthenticationFilter - Set SecurityContextHolder to anonymous SecurityContext
2024-04-19 16:09:10.028 [http-nio-8088-exec-4] DEBUG o.s.security.web.FilterChainProxy - Securing OPTIONS /api/v1/orders/get-orders-by-keyword?keyword=&page=0&limit=10
2024-04-19 16:09:10.031 [http-nio-8088-exec-5] DEBUG o.s.security.web.FilterChainProxy - Securing GET /api/v1/orders/get-orders-by-keyword?keyword=&page=0&limit=10
2024-04-19 16:09:10.094 [http-nio-8088-exec-5] DEBUG o.s.security.web.FilterChainProxy - Secured GET /api/v1/orders/get-orders-by-keyword?keyword=&page=0&limit=10
2024-04-19 16:09:10.095 [http-nio-8088-exec-5] DEBUG o.s.s.a.m.AuthorizationManagerBeforeMethodInterceptor - Authorizing method invocation ReflectiveMethodInvocation: public org.springframework.http.ResponseEntity com.project.shopapp.controller.OrderController.getOrdersByKeyword(java.lang.String,int,int); target is of class [com.project.shopapp.controller.OrderController]
2024-04-19 16:09:10.114 [http-nio-8088-exec-5] DEBUG o.s.s.a.m.AuthorizationManagerBeforeMethodInterceptor - Authorized method invocation ReflectiveMethodInvocation: public org.springframework.http.ResponseEntity com.project.shopapp.controller.OrderController.getOrdersByKeyword(java.lang.String,int,int); target is of class [com.project.shopapp.controller.OrderController]
2024-04-19 16:11:14.804 [http-nio-8088-exec-7] DEBUG o.s.security.web.FilterChainProxy - Securing OPTIONS /api/v1/orders/get-orders-by-keyword?keyword=&page=0&limit=10
2024-04-19 16:11:14.807 [http-nio-8088-exec-8] DEBUG o.s.security.web.FilterChainProxy - Securing GET /api/v1/orders/get-orders-by-keyword?keyword=&page=0&limit=10
2024-04-19 16:11:14.824 [http-nio-8088-exec-8] DEBUG o.s.security.web.FilterChainProxy - Secured GET /api/v1/orders/get-orders-by-keyword?keyword=&page=0&limit=10
2024-04-19 16:11:14.825 [http-nio-8088-exec-8] DEBUG o.s.s.a.m.AuthorizationManagerBeforeMethodInterceptor - Authorizing method invocation ReflectiveMethodInvocation: public org.springframework.http.ResponseEntity com.project.shopapp.controller.OrderController.getOrdersByKeyword(java.lang.String,int,int); target is of class [com.project.shopapp.controller.OrderController]
2024-04-19 16:11:14.825 [http-nio-8088-exec-8] DEBUG o.s.s.a.m.AuthorizationManagerBeforeMethodInterceptor - Authorized method invocation ReflectiveMethodInvocation: public org.springframework.http.ResponseEntity com.project.shopapp.controller.OrderController.getOrdersByKeyword(java.lang.String,int,int); target is of class [com.project.shopapp.controller.OrderController]
2024-04-19 16:11:52.779 [http-nio-8088-exec-9] DEBUG o.s.security.web.FilterChainProxy - Securing OPTIONS /api/v1/orders/get-orders-by-keyword?keyword=&page=0&limit=10
2024-04-19 16:11:52.784 [http-nio-8088-exec-10] DEBUG o.s.security.web.FilterChainProxy - Securing GET /api/v1/orders/get-orders-by-keyword?keyword=&page=0&limit=10
2024-04-19 16:11:52.798 [http-nio-8088-exec-10] DEBUG o.s.security.web.FilterChainProxy - Secured GET /api/v1/orders/get-orders-by-keyword?keyword=&page=0&limit=10
2024-04-19 16:11:52.800 [http-nio-8088-exec-10] DEBUG o.s.s.a.m.AuthorizationManagerBeforeMethodInterceptor - Authorizing method invocation ReflectiveMethodInvocation: public org.springframework.http.ResponseEntity com.project.shopapp.controller.OrderController.getOrdersByKeyword(java.lang.String,int,int); target is of class [com.project.shopapp.controller.OrderController]
2024-04-19 16:11:52.800 [http-nio-8088-exec-10] DEBUG o.s.s.a.m.AuthorizationManagerBeforeMethodInterceptor - Authorized method invocation ReflectiveMethodInvocation: public org.springframework.http.ResponseEntity com.project.shopapp.controller.OrderController.getOrdersByKeyword(java.lang.String,int,int); target is of class [com.project.shopapp.controller.OrderController]
2024-04-19 16:12:07.454 [http-nio-8088-exec-2] DEBUG o.s.security.web.FilterChainProxy - Securing OPTIONS /api/v1/orders/get-orders-by-keyword?keyword=&page=0&limit=10
2024-04-19 16:12:07.458 [http-nio-8088-exec-1] DEBUG o.s.security.web.FilterChainProxy - Securing GET /api/v1/orders/get-orders-by-keyword?keyword=&page=0&limit=10
2024-04-19 16:12:07.472 [http-nio-8088-exec-1] DEBUG o.s.security.web.FilterChainProxy - Secured GET /api/v1/orders/get-orders-by-keyword?keyword=&page=0&limit=10
2024-04-19 16:12:07.474 [http-nio-8088-exec-1] DEBUG o.s.s.a.m.AuthorizationManagerBeforeMethodInterceptor - Authorizing method invocation ReflectiveMethodInvocation: public org.springframework.http.ResponseEntity com.project.shopapp.controller.OrderController.getOrdersByKeyword(java.lang.String,int,int); target is of class [com.project.shopapp.controller.OrderController]
2024-04-19 16:12:07.474 [http-nio-8088-exec-1] DEBUG o.s.s.a.m.AuthorizationManagerBeforeMethodInterceptor - Authorized method invocation ReflectiveMethodInvocation: public org.springframework.http.ResponseEntity com.project.shopapp.controller.OrderController.getOrdersByKeyword(java.lang.String,int,int); target is of class [com.project.shopapp.controller.OrderController]
2024-04-19 16:12:24.037 [http-nio-8088-exec-3] DEBUG o.s.security.web.FilterChainProxy - Securing OPTIONS /api/v1/orders/get-orders-by-keyword?keyword=&page=0&limit=10
2024-04-19 16:12:24.040 [http-nio-8088-exec-4] DEBUG o.s.security.web.FilterChainProxy - Securing GET /api/v1/orders/get-orders-by-keyword?keyword=&page=0&limit=10
2024-04-19 16:12:24.053 [http-nio-8088-exec-4] DEBUG o.s.security.web.FilterChainProxy - Secured GET /api/v1/orders/get-orders-by-keyword?keyword=&page=0&limit=10
2024-04-19 16:12:24.055 [http-nio-8088-exec-4] DEBUG o.s.s.a.m.AuthorizationManagerBeforeMethodInterceptor - Authorizing method invocation ReflectiveMethodInvocation: public org.springframework.http.ResponseEntity com.project.shopapp.controller.OrderController.getOrdersByKeyword(java.lang.String,int,int); target is of class [com.project.shopapp.controller.OrderController]
2024-04-19 16:12:24.056 [http-nio-8088-exec-4] DEBUG o.s.s.a.m.AuthorizationManagerBeforeMethodInterceptor - Authorized method invocation ReflectiveMethodInvocation: public org.springframework.http.ResponseEntity com.project.shopapp.controller.OrderController.getOrdersByKeyword(java.lang.String,int,int); target is of class [com.project.shopapp.controller.OrderController]
2024-04-19 16:31:53.905 [http-nio-8088-exec-6] DEBUG o.s.security.web.FilterChainProxy - Securing OPTIONS /api/v1/orders/get-orders-by-keyword?keyword=&page=0&limit=10
2024-04-19 16:31:53.909 [http-nio-8088-exec-7] DEBUG o.s.security.web.FilterChainProxy - Securing GET /api/v1/orders/get-orders-by-keyword?keyword=&page=0&limit=10
2024-04-19 16:31:53.924 [http-nio-8088-exec-7] DEBUG o.s.security.web.FilterChainProxy - Secured GET /api/v1/orders/get-orders-by-keyword?keyword=&page=0&limit=10
2024-04-19 16:31:53.926 [http-nio-8088-exec-7] DEBUG o.s.s.a.m.AuthorizationManagerBeforeMethodInterceptor - Authorizing method invocation ReflectiveMethodInvocation: public org.springframework.http.ResponseEntity com.project.shopapp.controller.OrderController.getOrdersByKeyword(java.lang.String,int,int); target is of class [com.project.shopapp.controller.OrderController]
2024-04-19 16:31:53.926 [http-nio-8088-exec-7] DEBUG o.s.s.a.m.AuthorizationManagerBeforeMethodInterceptor - Authorized method invocation ReflectiveMethodInvocation: public org.springframework.http.ResponseEntity com.project.shopapp.controller.OrderController.getOrdersByKeyword(java.lang.String,int,int); target is of class [com.project.shopapp.controller.OrderController]
2024-04-19 16:40:24.637 [http-nio-8088-exec-9] DEBUG o.s.security.web.FilterChainProxy - Securing OPTIONS /api/v1/products/by-ids?ids=3
2024-04-19 16:40:24.640 [http-nio-8088-exec-10] DEBUG o.s.security.web.FilterChainProxy - Securing GET /api/v1/products/by-ids?ids=3
2024-04-19 16:40:24.641 [http-nio-8088-exec-10] DEBUG o.s.security.web.FilterChainProxy - Secured GET /api/v1/products/by-ids?ids=3
2024-04-19 16:40:24.658 [http-nio-8088-exec-10] DEBUG o.s.s.w.a.AnonymousAuthenticationFilter - Set SecurityContextHolder to anonymous SecurityContext
2024-04-19 16:40:24.663 [http-nio-8088-exec-2] DEBUG o.s.security.web.FilterChainProxy - Securing GET /api/v1/products/images/7d9bf3cb-3f8a-43ba-82af-9acf7b78b5f8_011.jpg
2024-04-19 16:40:24.664 [http-nio-8088-exec-2] DEBUG o.s.security.web.FilterChainProxy - Secured GET /api/v1/products/images/7d9bf3cb-3f8a-43ba-82af-9acf7b78b5f8_011.jpg
2024-04-19 16:40:24.669 [http-nio-8088-exec-2] DEBUG o.s.s.w.a.AnonymousAuthenticationFilter - Set SecurityContextHolder to anonymous SecurityContext
2024-04-19 16:40:35.355 [http-nio-8088-exec-1] DEBUG o.s.security.web.FilterChainProxy - Securing OPTIONS /api/v1/orders/get-orders-by-keyword?keyword=&page=0&limit=10
2024-04-19 16:40:35.359 [http-nio-8088-exec-3] DEBUG o.s.security.web.FilterChainProxy - Securing GET /api/v1/orders/get-orders-by-keyword?keyword=&page=0&limit=10
2024-04-19 16:40:35.379 [http-nio-8088-exec-3] DEBUG o.s.security.web.FilterChainProxy - Secured GET /api/v1/orders/get-orders-by-keyword?keyword=&page=0&limit=10
2024-04-19 16:40:35.382 [http-nio-8088-exec-3] DEBUG o.s.s.a.m.AuthorizationManagerBeforeMethodInterceptor - Authorizing method invocation ReflectiveMethodInvocation: public org.springframework.http.ResponseEntity com.project.shopapp.controller.OrderController.getOrdersByKeyword(java.lang.String,int,int); target is of class [com.project.shopapp.controller.OrderController]
2024-04-19 16:40:35.382 [http-nio-8088-exec-3] DEBUG o.s.s.a.m.AuthorizationManagerBeforeMethodInterceptor - Authorized method invocation ReflectiveMethodInvocation: public org.springframework.http.ResponseEntity com.project.shopapp.controller.OrderController.getOrdersByKeyword(java.lang.String,int,int); target is of class [com.project.shopapp.controller.OrderController]
2024-04-19 16:42:58.904 [http-nio-8088-exec-6] DEBUG o.s.security.web.FilterChainProxy - Securing OPTIONS /api/v1/orders/get-orders-by-keyword?keyword=&page=0&limit=10
2024-04-19 16:42:58.905 [http-nio-8088-exec-7] DEBUG o.s.security.web.FilterChainProxy - Securing GET /api/v1/orders/get-orders-by-keyword?keyword=&page=0&limit=10
2024-04-19 16:42:58.911 [http-nio-8088-exec-7] DEBUG o.s.security.web.FilterChainProxy - Secured GET /api/v1/orders/get-orders-by-keyword?keyword=&page=0&limit=10
2024-04-19 16:42:58.911 [http-nio-8088-exec-7] DEBUG o.s.s.a.m.AuthorizationManagerBeforeMethodInterceptor - Authorizing method invocation ReflectiveMethodInvocation: public org.springframework.http.ResponseEntity com.project.shopapp.controller.OrderController.getOrdersByKeyword(java.lang.String,int,int); target is of class [com.project.shopapp.controller.OrderController]
2024-04-19 16:42:58.911 [http-nio-8088-exec-7] DEBUG o.s.s.a.m.AuthorizationManagerBeforeMethodInterceptor - Authorized method invocation ReflectiveMethodInvocation: public org.springframework.http.ResponseEntity com.project.shopapp.controller.OrderController.getOrdersByKeyword(java.lang.String,int,int); target is of class [com.project.shopapp.controller.OrderController]
2024-04-19 16:43:00.638 [http-nio-8088-exec-8] DEBUG o.s.security.web.FilterChainProxy - Securing GET /api/v1/orders/get-orders-by-keyword?keyword=&page=0&limit=10
2024-04-19 16:43:00.652 [http-nio-8088-exec-8] DEBUG o.s.security.web.FilterChainProxy - Secured GET /api/v1/orders/get-orders-by-keyword?keyword=&page=0&limit=10
2024-04-19 16:43:00.653 [http-nio-8088-exec-8] DEBUG o.s.s.a.m.AuthorizationManagerBeforeMethodInterceptor - Authorizing method invocation ReflectiveMethodInvocation: public org.springframework.http.ResponseEntity com.project.shopapp.controller.OrderController.getOrdersByKeyword(java.lang.String,int,int); target is of class [com.project.shopapp.controller.OrderController]
2024-04-19 16:43:00.654 [http-nio-8088-exec-8] DEBUG o.s.s.a.m.AuthorizationManagerBeforeMethodInterceptor - Authorized method invocation ReflectiveMethodInvocation: public org.springframework.http.ResponseEntity com.project.shopapp.controller.OrderController.getOrdersByKeyword(java.lang.String,int,int); target is of class [com.project.shopapp.controller.OrderController]
2024-04-19 16:46:22.841 [http-nio-8088-exec-10] DEBUG o.s.security.web.FilterChainProxy - Securing OPTIONS /api/v1/orders/get-orders-by-keyword?keyword=&page=0&limit=10
2024-04-19 16:46:22.846 [http-nio-8088-exec-2] DEBUG o.s.security.web.FilterChainProxy - Securing GET /api/v1/orders/get-orders-by-keyword?keyword=&page=0&limit=10
2024-04-19 16:46:22.858 [http-nio-8088-exec-2] DEBUG o.s.security.web.FilterChainProxy - Secured GET /api/v1/orders/get-orders-by-keyword?keyword=&page=0&limit=10
2024-04-19 16:46:22.859 [http-nio-8088-exec-2] DEBUG o.s.s.a.m.AuthorizationManagerBeforeMethodInterceptor - Authorizing method invocation ReflectiveMethodInvocation: public org.springframework.http.ResponseEntity com.project.shopapp.controller.OrderController.getOrdersByKeyword(java.lang.String,int,int); target is of class [com.project.shopapp.controller.OrderController]
2024-04-19 16:46:22.859 [http-nio-8088-exec-2] DEBUG o.s.s.a.m.AuthorizationManagerBeforeMethodInterceptor - Authorized method invocation ReflectiveMethodInvocation: public org.springframework.http.ResponseEntity com.project.shopapp.controller.OrderController.getOrdersByKeyword(java.lang.String,int,int); target is of class [com.project.shopapp.controller.OrderController]
2024-04-19 16:46:23.985 [http-nio-8088-exec-1] DEBUG o.s.security.web.FilterChainProxy - Securing GET /api/v1/orders/get-orders-by-keyword?keyword=&page=0&limit=10
2024-04-19 16:46:24.005 [http-nio-8088-exec-1] DEBUG o.s.security.web.FilterChainProxy - Secured GET /api/v1/orders/get-orders-by-keyword?keyword=&page=0&limit=10
2024-04-19 16:46:24.008 [http-nio-8088-exec-1] DEBUG o.s.s.a.m.AuthorizationManagerBeforeMethodInterceptor - Authorizing method invocation ReflectiveMethodInvocation: public org.springframework.http.ResponseEntity com.project.shopapp.controller.OrderController.getOrdersByKeyword(java.lang.String,int,int); target is of class [com.project.shopapp.controller.OrderController]
2024-04-19 16:46:24.008 [http-nio-8088-exec-1] DEBUG o.s.s.a.m.AuthorizationManagerBeforeMethodInterceptor - Authorized method invocation ReflectiveMethodInvocation: public org.springframework.http.ResponseEntity com.project.shopapp.controller.OrderController.getOrdersByKeyword(java.lang.String,int,int); target is of class [com.project.shopapp.controller.OrderController]
2024-04-19 16:46:27.139 [http-nio-8088-exec-3] DEBUG o.s.security.web.FilterChainProxy - Securing GET /api/v1/orders/get-orders-by-keyword?keyword=&page=0&limit=10
2024-04-19 16:46:27.158 [http-nio-8088-exec-3] DEBUG o.s.security.web.FilterChainProxy - Secured GET /api/v1/orders/get-orders-by-keyword?keyword=&page=0&limit=10
2024-04-19 16:46:27.158 [http-nio-8088-exec-3] DEBUG o.s.s.a.m.AuthorizationManagerBeforeMethodInterceptor - Authorizing method invocation ReflectiveMethodInvocation: public org.springframework.http.ResponseEntity com.project.shopapp.controller.OrderController.getOrdersByKeyword(java.lang.String,int,int); target is of class [com.project.shopapp.controller.OrderController]
2024-04-19 16:46:27.159 [http-nio-8088-exec-3] DEBUG o.s.s.a.m.AuthorizationManagerBeforeMethodInterceptor - Authorized method invocation ReflectiveMethodInvocation: public org.springframework.http.ResponseEntity com.project.shopapp.controller.OrderController.getOrdersByKeyword(java.lang.String,int,int); target is of class [com.project.shopapp.controller.OrderController]
2024-04-19 16:47:15.442 [http-nio-8088-exec-4] DEBUG o.s.security.web.FilterChainProxy - Securing OPTIONS /api/v1/orders/get-orders-by-keyword?keyword=&page=0&limit=10
2024-04-19 16:47:15.446 [http-nio-8088-exec-5] DEBUG o.s.security.web.FilterChainProxy - Securing GET /api/v1/orders/get-orders-by-keyword?keyword=&page=0&limit=10
2024-04-19 16:47:15.463 [http-nio-8088-exec-5] DEBUG o.s.security.web.FilterChainProxy - Secured GET /api/v1/orders/get-orders-by-keyword?keyword=&page=0&limit=10
2024-04-19 16:47:15.466 [http-nio-8088-exec-5] DEBUG o.s.s.a.m.AuthorizationManagerBeforeMethodInterceptor - Authorizing method invocation ReflectiveMethodInvocation: public org.springframework.http.ResponseEntity com.project.shopapp.controller.OrderController.getOrdersByKeyword(java.lang.String,int,int); target is of class [com.project.shopapp.controller.OrderController]
2024-04-19 16:47:15.466 [http-nio-8088-exec-5] DEBUG o.s.s.a.m.AuthorizationManagerBeforeMethodInterceptor - Authorized method invocation ReflectiveMethodInvocation: public org.springframework.http.ResponseEntity com.project.shopapp.controller.OrderController.getOrdersByKeyword(java.lang.String,int,int); target is of class [com.project.shopapp.controller.OrderController]
2024-04-19 16:48:42.967 [http-nio-8088-exec-7] DEBUG o.s.security.web.FilterChainProxy - Securing OPTIONS /api/v1/orders/get-orders-by-keyword?keyword=&page=0&limit=10
2024-04-19 16:48:42.973 [http-nio-8088-exec-8] DEBUG o.s.security.web.FilterChainProxy - Securing GET /api/v1/orders/get-orders-by-keyword?keyword=&page=0&limit=10
2024-04-19 16:48:42.983 [http-nio-8088-exec-8] DEBUG o.s.security.web.FilterChainProxy - Secured GET /api/v1/orders/get-orders-by-keyword?keyword=&page=0&limit=10
2024-04-19 16:48:42.984 [http-nio-8088-exec-8] DEBUG o.s.s.a.m.AuthorizationManagerBeforeMethodInterceptor - Authorizing method invocation ReflectiveMethodInvocation: public org.springframework.http.ResponseEntity com.project.shopapp.controller.OrderController.getOrdersByKeyword(java.lang.String,int,int); target is of class [com.project.shopapp.controller.OrderController]
2024-04-19 16:48:42.984 [http-nio-8088-exec-8] DEBUG o.s.s.a.m.AuthorizationManagerBeforeMethodInterceptor - Authorized method invocation ReflectiveMethodInvocation: public org.springframework.http.ResponseEntity com.project.shopapp.controller.OrderController.getOrdersByKeyword(java.lang.String,int,int); target is of class [com.project.shopapp.controller.OrderController]
2024-04-19 16:48:45.726 [http-nio-8088-exec-9] DEBUG o.s.security.web.FilterChainProxy - Securing OPTIONS /api/v1/products/by-ids?ids=3
2024-04-19 16:48:45.730 [http-nio-8088-exec-10] DEBUG o.s.security.web.FilterChainProxy - Securing GET /api/v1/products/by-ids?ids=3
2024-04-19 16:48:45.731 [http-nio-8088-exec-10] DEBUG o.s.security.web.FilterChainProxy - Secured GET /api/v1/products/by-ids?ids=3
2024-04-19 16:48:45.748 [http-nio-8088-exec-10] DEBUG o.s.s.w.a.AnonymousAuthenticationFilter - Set SecurityContextHolder to anonymous SecurityContext
2024-04-19 16:48:45.753 [http-nio-8088-exec-2] DEBUG o.s.security.web.FilterChainProxy - Securing GET /api/v1/products/images/7d9bf3cb-3f8a-43ba-82af-9acf7b78b5f8_011.jpg
2024-04-19 16:48:45.753 [http-nio-8088-exec-2] DEBUG o.s.security.web.FilterChainProxy - Secured GET /api/v1/products/images/7d9bf3cb-3f8a-43ba-82af-9acf7b78b5f8_011.jpg
2024-04-19 16:48:45.755 [http-nio-8088-exec-2] DEBUG o.s.s.w.a.AnonymousAuthenticationFilter - Set SecurityContextHolder to anonymous SecurityContext
2024-04-19 16:48:47.628 [http-nio-8088-exec-1] DEBUG o.s.security.web.FilterChainProxy - Securing GET /api/v1/orders/get-orders-by-keyword?keyword=&page=0&limit=10
2024-04-19 16:48:47.651 [http-nio-8088-exec-1] DEBUG o.s.security.web.FilterChainProxy - Secured GET /api/v1/orders/get-orders-by-keyword?keyword=&page=0&limit=10
2024-04-19 16:48:47.652 [http-nio-8088-exec-1] DEBUG o.s.s.a.m.AuthorizationManagerBeforeMethodInterceptor - Authorizing method invocation ReflectiveMethodInvocation: public org.springframework.http.ResponseEntity com.project.shopapp.controller.OrderController.getOrdersByKeyword(java.lang.String,int,int); target is of class [com.project.shopapp.controller.OrderController]
2024-04-19 16:48:47.652 [http-nio-8088-exec-1] DEBUG o.s.s.a.m.AuthorizationManagerBeforeMethodInterceptor - Authorized method invocation ReflectiveMethodInvocation: public org.springframework.http.ResponseEntity com.project.shopapp.controller.OrderController.getOrdersByKeyword(java.lang.String,int,int); target is of class [com.project.shopapp.controller.OrderController]
2024-04-19 16:48:50.585 [http-nio-8088-exec-3] DEBUG o.s.security.web.FilterChainProxy - Securing GET /api/v1/products/by-ids?ids=3
2024-04-19 16:48:50.586 [http-nio-8088-exec-3] DEBUG o.s.security.web.FilterChainProxy - Secured GET /api/v1/products/by-ids?ids=3
2024-04-19 16:48:50.602 [http-nio-8088-exec-3] DEBUG o.s.s.w.a.AnonymousAuthenticationFilter - Set SecurityContextHolder to anonymous SecurityContext
2024-04-19 16:48:50.606 [http-nio-8088-exec-4] DEBUG o.s.security.web.FilterChainProxy - Securing GET /api/v1/products/images/7d9bf3cb-3f8a-43ba-82af-9acf7b78b5f8_011.jpg
2024-04-19 16:48:50.606 [http-nio-8088-exec-4] DEBUG o.s.security.web.FilterChainProxy - Secured GET /api/v1/products/images/7d9bf3cb-3f8a-43ba-82af-9acf7b78b5f8_011.jpg
2024-04-19 16:48:50.607 [http-nio-8088-exec-4] DEBUG o.s.s.w.a.AnonymousAuthenticationFilter - Set SecurityContextHolder to anonymous SecurityContext
2024-04-19 16:48:51.669 [http-nio-8088-exec-5] DEBUG o.s.security.web.FilterChainProxy - Securing OPTIONS /api/v1/orders/get-orders-by-keyword?keyword=&page=0&limit=10
2024-04-19 16:48:51.673 [http-nio-8088-exec-6] DEBUG o.s.security.web.FilterChainProxy - Securing GET /api/v1/orders/get-orders-by-keyword?keyword=&page=0&limit=10
2024-04-19 16:48:51.689 [http-nio-8088-exec-6] DEBUG o.s.security.web.FilterChainProxy - Secured GET /api/v1/orders/get-orders-by-keyword?keyword=&page=0&limit=10
2024-04-19 16:48:51.691 [http-nio-8088-exec-6] DEBUG o.s.s.a.m.AuthorizationManagerBeforeMethodInterceptor - Authorizing method invocation ReflectiveMethodInvocation: public org.springframework.http.ResponseEntity com.project.shopapp.controller.OrderController.getOrdersByKeyword(java.lang.String,int,int); target is of class [com.project.shopapp.controller.OrderController]
2024-04-19 16:48:51.691 [http-nio-8088-exec-6] DEBUG o.s.s.a.m.AuthorizationManagerBeforeMethodInterceptor - Authorized method invocation ReflectiveMethodInvocation: public org.springframework.http.ResponseEntity com.project.shopapp.controller.OrderController.getOrdersByKeyword(java.lang.String,int,int); target is of class [com.project.shopapp.controller.OrderController]
2024-04-19 16:49:30.266 [http-nio-8088-exec-7] DEBUG o.s.security.web.FilterChainProxy - Securing OPTIONS /api/v1/products/by-ids?ids=3
2024-04-19 16:49:30.271 [http-nio-8088-exec-8] DEBUG o.s.security.web.FilterChainProxy - Securing GET /api/v1/products/by-ids?ids=3
2024-04-19 16:49:30.274 [http-nio-8088-exec-8] DEBUG o.s.security.web.FilterChainProxy - Secured GET /api/v1/products/by-ids?ids=3
2024-04-19 16:49:30.294 [http-nio-8088-exec-8] DEBUG o.s.s.w.a.AnonymousAuthenticationFilter - Set SecurityContextHolder to anonymous SecurityContext
2024-04-19 16:49:30.296 [http-nio-8088-exec-9] DEBUG o.s.security.web.FilterChainProxy - Securing GET /api/v1/products/images/7d9bf3cb-3f8a-43ba-82af-9acf7b78b5f8_011.jpg
2024-04-19 16:49:30.297 [http-nio-8088-exec-9] DEBUG o.s.security.web.FilterChainProxy - Secured GET /api/v1/products/images/7d9bf3cb-3f8a-43ba-82af-9acf7b78b5f8_011.jpg
2024-04-19 16:49:30.298 [http-nio-8088-exec-9] DEBUG o.s.s.w.a.AnonymousAuthenticationFilter - Set SecurityContextHolder to anonymous SecurityContext
2024-04-19 16:49:33.797 [http-nio-8088-exec-10] DEBUG o.s.security.web.FilterChainProxy - Securing OPTIONS /api/v1/orders/get-orders-by-keyword?keyword=&page=0&limit=10
2024-04-19 16:49:33.805 [http-nio-8088-exec-2] DEBUG o.s.security.web.FilterChainProxy - Securing GET /api/v1/orders/get-orders-by-keyword?keyword=&page=0&limit=10
2024-04-19 16:49:33.821 [http-nio-8088-exec-2] DEBUG o.s.security.web.FilterChainProxy - Secured GET /api/v1/orders/get-orders-by-keyword?keyword=&page=0&limit=10
2024-04-19 16:49:33.822 [http-nio-8088-exec-2] DEBUG o.s.s.a.m.AuthorizationManagerBeforeMethodInterceptor - Authorizing method invocation ReflectiveMethodInvocation: public org.springframework.http.ResponseEntity com.project.shopapp.controller.OrderController.getOrdersByKeyword(java.lang.String,int,int); target is of class [com.project.shopapp.controller.OrderController]
2024-04-19 16:49:33.822 [http-nio-8088-exec-2] DEBUG o.s.s.a.m.AuthorizationManagerBeforeMethodInterceptor - Authorized method invocation ReflectiveMethodInvocation: public org.springframework.http.ResponseEntity com.project.shopapp.controller.OrderController.getOrdersByKeyword(java.lang.String,int,int); target is of class [com.project.shopapp.controller.OrderController]
2024-04-19 16:50:27.149 [http-nio-8088-exec-1] DEBUG o.s.security.web.FilterChainProxy - Securing OPTIONS /api/v1/orders/get-orders-by-keyword?keyword=&page=0&limit=10
2024-04-19 16:50:27.155 [http-nio-8088-exec-3] DEBUG o.s.security.web.FilterChainProxy - Securing GET /api/v1/orders/get-orders-by-keyword?keyword=&page=0&limit=10
2024-04-19 16:50:27.168 [http-nio-8088-exec-3] DEBUG o.s.security.web.FilterChainProxy - Secured GET /api/v1/orders/get-orders-by-keyword?keyword=&page=0&limit=10
2024-04-19 16:50:27.169 [http-nio-8088-exec-3] DEBUG o.s.s.a.m.AuthorizationManagerBeforeMethodInterceptor - Authorizing method invocation ReflectiveMethodInvocation: public org.springframework.http.ResponseEntity com.project.shopapp.controller.OrderController.getOrdersByKeyword(java.lang.String,int,int); target is of class [com.project.shopapp.controller.OrderController]
2024-04-19 16:50:27.169 [http-nio-8088-exec-3] DEBUG o.s.s.a.m.AuthorizationManagerBeforeMethodInterceptor - Authorized method invocation ReflectiveMethodInvocation: public org.springframework.http.ResponseEntity com.project.shopapp.controller.OrderController.getOrdersByKeyword(java.lang.String,int,int); target is of class [com.project.shopapp.controller.OrderController]
2024-04-19 16:50:27.889 [http-nio-8088-exec-4] DEBUG o.s.security.web.FilterChainProxy - Securing GET /api/v1/orders/get-orders-by-keyword?keyword=&page=0&limit=10
2024-04-19 16:50:27.910 [http-nio-8088-exec-4] DEBUG o.s.security.web.FilterChainProxy - Secured GET /api/v1/orders/get-orders-by-keyword?keyword=&page=0&limit=10
2024-04-19 16:50:27.911 [http-nio-8088-exec-4] DEBUG o.s.s.a.m.AuthorizationManagerBeforeMethodInterceptor - Authorizing method invocation ReflectiveMethodInvocation: public org.springframework.http.ResponseEntity com.project.shopapp.controller.OrderController.getOrdersByKeyword(java.lang.String,int,int); target is of class [com.project.shopapp.controller.OrderController]
2024-04-19 16:50:27.911 [http-nio-8088-exec-4] DEBUG o.s.s.a.m.AuthorizationManagerBeforeMethodInterceptor - Authorized method invocation ReflectiveMethodInvocation: public org.springframework.http.ResponseEntity com.project.shopapp.controller.OrderController.getOrdersByKeyword(java.lang.String,int,int); target is of class [com.project.shopapp.controller.OrderController]
2024-04-19 16:50:28.600 [http-nio-8088-exec-5] DEBUG o.s.security.web.FilterChainProxy - Securing GET /api/v1/orders/get-orders-by-keyword?keyword=&page=0&limit=10
2024-04-19 16:50:28.618 [http-nio-8088-exec-5] DEBUG o.s.security.web.FilterChainProxy - Secured GET /api/v1/orders/get-orders-by-keyword?keyword=&page=0&limit=10
2024-04-19 16:50:28.618 [http-nio-8088-exec-5] DEBUG o.s.s.a.m.AuthorizationManagerBeforeMethodInterceptor - Authorizing method invocation ReflectiveMethodInvocation: public org.springframework.http.ResponseEntity com.project.shopapp.controller.OrderController.getOrdersByKeyword(java.lang.String,int,int); target is of class [com.project.shopapp.controller.OrderController]
2024-04-19 16:50:28.618 [http-nio-8088-exec-5] DEBUG o.s.s.a.m.AuthorizationManagerBeforeMethodInterceptor - Authorized method invocation ReflectiveMethodInvocation: public org.springframework.http.ResponseEntity com.project.shopapp.controller.OrderController.getOrdersByKeyword(java.lang.String,int,int); target is of class [com.project.shopapp.controller.OrderController]
2024-04-19 16:50:29.099 [http-nio-8088-exec-6] DEBUG o.s.security.web.FilterChainProxy - Securing GET /api/v1/orders/get-orders-by-keyword?keyword=&page=0&limit=10
2024-04-19 16:50:29.136 [http-nio-8088-exec-6] DEBUG o.s.security.web.FilterChainProxy - Secured GET /api/v1/orders/get-orders-by-keyword?keyword=&page=0&limit=10
2024-04-19 16:50:29.137 [http-nio-8088-exec-6] DEBUG o.s.s.a.m.AuthorizationManagerBeforeMethodInterceptor - Authorizing method invocation ReflectiveMethodInvocation: public org.springframework.http.ResponseEntity com.project.shopapp.controller.OrderController.getOrdersByKeyword(java.lang.String,int,int); target is of class [com.project.shopapp.controller.OrderController]
2024-04-19 16:50:29.138 [http-nio-8088-exec-6] DEBUG o.s.s.a.m.AuthorizationManagerBeforeMethodInterceptor - Authorized method invocation ReflectiveMethodInvocation: public org.springframework.http.ResponseEntity com.project.shopapp.controller.OrderController.getOrdersByKeyword(java.lang.String,int,int); target is of class [com.project.shopapp.controller.OrderController]
2024-04-19 16:50:30.346 [http-nio-8088-exec-7] DEBUG o.s.security.web.FilterChainProxy - Securing GET /api/v1/orders/get-orders-by-keyword?keyword=&page=0&limit=10
2024-04-19 16:50:30.360 [http-nio-8088-exec-7] DEBUG o.s.security.web.FilterChainProxy - Secured GET /api/v1/orders/get-orders-by-keyword?keyword=&page=0&limit=10
2024-04-19 16:50:30.361 [http-nio-8088-exec-7] DEBUG o.s.s.a.m.AuthorizationManagerBeforeMethodInterceptor - Authorizing method invocation ReflectiveMethodInvocation: public org.springframework.http.ResponseEntity com.project.shopapp.controller.OrderController.getOrdersByKeyword(java.lang.String,int,int); target is of class [com.project.shopapp.controller.OrderController]
2024-04-19 16:50:30.361 [http-nio-8088-exec-7] DEBUG o.s.s.a.m.AuthorizationManagerBeforeMethodInterceptor - Authorized method invocation ReflectiveMethodInvocation: public org.springframework.http.ResponseEntity com.project.shopapp.controller.OrderController.getOrdersByKeyword(java.lang.String,int,int); target is of class [com.project.shopapp.controller.OrderController]
2024-04-19 16:50:32.853 [http-nio-8088-exec-9] DEBUG o.s.security.web.FilterChainProxy - Securing OPTIONS /api/v1/orders/get-orders-by-keyword?keyword=&page=0&limit=10
2024-04-19 16:50:32.857 [http-nio-8088-exec-10] DEBUG o.s.security.web.FilterChainProxy - Securing GET /api/v1/orders/get-orders-by-keyword?keyword=&page=0&limit=10
2024-04-19 16:50:32.869 [http-nio-8088-exec-10] DEBUG o.s.security.web.FilterChainProxy - Secured GET /api/v1/orders/get-orders-by-keyword?keyword=&page=0&limit=10
2024-04-19 16:50:32.869 [http-nio-8088-exec-10] DEBUG o.s.s.a.m.AuthorizationManagerBeforeMethodInterceptor - Authorizing method invocation ReflectiveMethodInvocation: public org.springframework.http.ResponseEntity com.project.shopapp.controller.OrderController.getOrdersByKeyword(java.lang.String,int,int); target is of class [com.project.shopapp.controller.OrderController]
2024-04-19 16:50:32.869 [http-nio-8088-exec-10] DEBUG o.s.s.a.m.AuthorizationManagerBeforeMethodInterceptor - Authorized method invocation ReflectiveMethodInvocation: public org.springframework.http.ResponseEntity com.project.shopapp.controller.OrderController.getOrdersByKeyword(java.lang.String,int,int); target is of class [com.project.shopapp.controller.OrderController]
2024-04-19 16:50:33.948 [http-nio-8088-exec-2] DEBUG o.s.security.web.FilterChainProxy - Securing GET /api/v1/orders/get-orders-by-keyword?keyword=&page=0&limit=10
2024-04-19 16:50:33.963 [http-nio-8088-exec-2] DEBUG o.s.security.web.FilterChainProxy - Secured GET /api/v1/orders/get-orders-by-keyword?keyword=&page=0&limit=10
2024-04-19 16:50:33.964 [http-nio-8088-exec-2] DEBUG o.s.s.a.m.AuthorizationManagerBeforeMethodInterceptor - Authorizing method invocation ReflectiveMethodInvocation: public org.springframework.http.ResponseEntity com.project.shopapp.controller.OrderController.getOrdersByKeyword(java.lang.String,int,int); target is of class [com.project.shopapp.controller.OrderController]
2024-04-19 16:50:33.964 [http-nio-8088-exec-2] DEBUG o.s.s.a.m.AuthorizationManagerBeforeMethodInterceptor - Authorized method invocation ReflectiveMethodInvocation: public org.springframework.http.ResponseEntity com.project.shopapp.controller.OrderController.getOrdersByKeyword(java.lang.String,int,int); target is of class [com.project.shopapp.controller.OrderController]
2024-04-19 16:50:34.384 [http-nio-8088-exec-1] DEBUG o.s.security.web.FilterChainProxy - Securing GET /api/v1/orders/get-orders-by-keyword?keyword=&page=0&limit=10
2024-04-19 16:50:34.398 [http-nio-8088-exec-1] DEBUG o.s.security.web.FilterChainProxy - Secured GET /api/v1/orders/get-orders-by-keyword?keyword=&page=0&limit=10
2024-04-19 16:50:34.400 [http-nio-8088-exec-1] DEBUG o.s.s.a.m.AuthorizationManagerBeforeMethodInterceptor - Authorizing method invocation ReflectiveMethodInvocation: public org.springframework.http.ResponseEntity com.project.shopapp.controller.OrderController.getOrdersByKeyword(java.lang.String,int,int); target is of class [com.project.shopapp.controller.OrderController]
2024-04-19 16:50:34.401 [http-nio-8088-exec-1] DEBUG o.s.s.a.m.AuthorizationManagerBeforeMethodInterceptor - Authorized method invocation ReflectiveMethodInvocation: public org.springframework.http.ResponseEntity com.project.shopapp.controller.OrderController.getOrdersByKeyword(java.lang.String,int,int); target is of class [com.project.shopapp.controller.OrderController]
2024-04-19 16:50:34.977 [http-nio-8088-exec-3] DEBUG o.s.security.web.FilterChainProxy - Securing GET /api/v1/orders/get-orders-by-keyword?keyword=&page=0&limit=10
2024-04-19 16:50:34.995 [http-nio-8088-exec-3] DEBUG o.s.security.web.FilterChainProxy - Secured GET /api/v1/orders/get-orders-by-keyword?keyword=&page=0&limit=10
2024-04-19 16:50:34.995 [http-nio-8088-exec-3] DEBUG o.s.s.a.m.AuthorizationManagerBeforeMethodInterceptor - Authorizing method invocation ReflectiveMethodInvocation: public org.springframework.http.ResponseEntity com.project.shopapp.controller.OrderController.getOrdersByKeyword(java.lang.String,int,int); target is of class [com.project.shopapp.controller.OrderController]
2024-04-19 16:50:34.995 [http-nio-8088-exec-3] DEBUG o.s.s.a.m.AuthorizationManagerBeforeMethodInterceptor - Authorized method invocation ReflectiveMethodInvocation: public org.springframework.http.ResponseEntity com.project.shopapp.controller.OrderController.getOrdersByKeyword(java.lang.String,int,int); target is of class [com.project.shopapp.controller.OrderController]
2024-04-19 16:50:36.717 [http-nio-8088-exec-4] DEBUG o.s.security.web.FilterChainProxy - Securing GET /api/v1/orders/get-orders-by-keyword?keyword=&page=0&limit=10
2024-04-19 16:50:36.749 [http-nio-8088-exec-4] DEBUG o.s.security.web.FilterChainProxy - Secured GET /api/v1/orders/get-orders-by-keyword?keyword=&page=0&limit=10
2024-04-19 16:50:36.749 [http-nio-8088-exec-4] DEBUG o.s.s.a.m.AuthorizationManagerBeforeMethodInterceptor - Authorizing method invocation ReflectiveMethodInvocation: public org.springframework.http.ResponseEntity com.project.shopapp.controller.OrderController.getOrdersByKeyword(java.lang.String,int,int); target is of class [com.project.shopapp.controller.OrderController]
2024-04-19 16:50:36.750 [http-nio-8088-exec-4] DEBUG o.s.s.a.m.AuthorizationManagerBeforeMethodInterceptor - Authorized method invocation ReflectiveMethodInvocation: public org.springframework.http.ResponseEntity com.project.shopapp.controller.OrderController.getOrdersByKeyword(java.lang.String,int,int); target is of class [com.project.shopapp.controller.OrderController]
2024-04-19 16:50:38.653 [http-nio-8088-exec-5] DEBUG o.s.security.web.FilterChainProxy - Securing OPTIONS /api/v1/orders/get-orders-by-keyword?keyword=&page=0&limit=10
2024-04-19 16:50:38.662 [http-nio-8088-exec-6] DEBUG o.s.security.web.FilterChainProxy - Securing GET /api/v1/orders/get-orders-by-keyword?keyword=&page=0&limit=10
2024-04-19 16:50:38.674 [http-nio-8088-exec-6] DEBUG o.s.security.web.FilterChainProxy - Secured GET /api/v1/orders/get-orders-by-keyword?keyword=&page=0&limit=10
2024-04-19 16:50:38.674 [http-nio-8088-exec-6] DEBUG o.s.s.a.m.AuthorizationManagerBeforeMethodInterceptor - Authorizing method invocation ReflectiveMethodInvocation: public org.springframework.http.ResponseEntity com.project.shopapp.controller.OrderController.getOrdersByKeyword(java.lang.String,int,int); target is of class [com.project.shopapp.controller.OrderController]
2024-04-19 16:50:38.674 [http-nio-8088-exec-6] DEBUG o.s.s.a.m.AuthorizationManagerBeforeMethodInterceptor - Authorized method invocation ReflectiveMethodInvocation: public org.springframework.http.ResponseEntity com.project.shopapp.controller.OrderController.getOrdersByKeyword(java.lang.String,int,int); target is of class [com.project.shopapp.controller.OrderController]
2024-04-19 16:50:39.221 [http-nio-8088-exec-7] DEBUG o.s.security.web.FilterChainProxy - Securing GET /api/v1/orders/get-orders-by-keyword?keyword=&page=0&limit=10
2024-04-19 16:50:39.235 [http-nio-8088-exec-7] DEBUG o.s.security.web.FilterChainProxy - Secured GET /api/v1/orders/get-orders-by-keyword?keyword=&page=0&limit=10
2024-04-19 16:50:39.236 [http-nio-8088-exec-7] DEBUG o.s.s.a.m.AuthorizationManagerBeforeMethodInterceptor - Authorizing method invocation ReflectiveMethodInvocation: public org.springframework.http.ResponseEntity com.project.shopapp.controller.OrderController.getOrdersByKeyword(java.lang.String,int,int); target is of class [com.project.shopapp.controller.OrderController]
2024-04-19 16:50:39.236 [http-nio-8088-exec-7] DEBUG o.s.s.a.m.AuthorizationManagerBeforeMethodInterceptor - Authorized method invocation ReflectiveMethodInvocation: public org.springframework.http.ResponseEntity com.project.shopapp.controller.OrderController.getOrdersByKeyword(java.lang.String,int,int); target is of class [com.project.shopapp.controller.OrderController]
2024-04-19 16:50:40.101 [http-nio-8088-exec-8] DEBUG o.s.security.web.FilterChainProxy - Securing GET /api/v1/orders/get-orders-by-keyword?keyword=&page=0&limit=10
2024-04-19 16:50:40.114 [http-nio-8088-exec-8] DEBUG o.s.security.web.FilterChainProxy - Secured GET /api/v1/orders/get-orders-by-keyword?keyword=&page=0&limit=10
2024-04-19 16:50:40.114 [http-nio-8088-exec-8] DEBUG o.s.s.a.m.AuthorizationManagerBeforeMethodInterceptor - Authorizing method invocation ReflectiveMethodInvocation: public org.springframework.http.ResponseEntity com.project.shopapp.controller.OrderController.getOrdersByKeyword(java.lang.String,int,int); target is of class [com.project.shopapp.controller.OrderController]
2024-04-19 16:50:40.115 [http-nio-8088-exec-8] DEBUG o.s.s.a.m.AuthorizationManagerBeforeMethodInterceptor - Authorized method invocation ReflectiveMethodInvocation: public org.springframework.http.ResponseEntity com.project.shopapp.controller.OrderController.getOrdersByKeyword(java.lang.String,int,int); target is of class [com.project.shopapp.controller.OrderController]
2024-04-19 16:50:40.701 [http-nio-8088-exec-9] DEBUG o.s.security.web.FilterChainProxy - Securing GET /api/v1/orders/get-orders-by-keyword?keyword=&page=0&limit=10
2024-04-19 16:50:40.713 [http-nio-8088-exec-9] DEBUG o.s.security.web.FilterChainProxy - Secured GET /api/v1/orders/get-orders-by-keyword?keyword=&page=0&limit=10
2024-04-19 16:50:40.713 [http-nio-8088-exec-9] DEBUG o.s.s.a.m.AuthorizationManagerBeforeMethodInterceptor - Authorizing method invocation ReflectiveMethodInvocation: public org.springframework.http.ResponseEntity com.project.shopapp.controller.OrderController.getOrdersByKeyword(java.lang.String,int,int); target is of class [com.project.shopapp.controller.OrderController]
2024-04-19 16:50:40.713 [http-nio-8088-exec-9] DEBUG o.s.s.a.m.AuthorizationManagerBeforeMethodInterceptor - Authorized method invocation ReflectiveMethodInvocation: public org.springframework.http.ResponseEntity com.project.shopapp.controller.OrderController.getOrdersByKeyword(java.lang.String,int,int); target is of class [com.project.shopapp.controller.OrderController]
2024-04-19 16:50:58.466 [SpringApplicationShutdownHook] INFO  o.s.o.j.LocalContainerEntityManagerFactoryBean - Closing JPA EntityManagerFactory for persistence unit 'default'
2024-04-19 16:50:58.468 [SpringApplicationShutdownHook] INFO  com.zaxxer.hikari.HikariDataSource - HikariPool-1 - Shutdown initiated...
2024-04-19 16:50:58.469 [SpringApplicationShutdownHook] INFO  com.zaxxer.hikari.HikariDataSource - HikariPool-1 - Shutdown completed.
